<?xml version="1.0" encoding="UTF-8"?>
<!-- Generated by org.testng.reporters.JUnitReportReporter -->
<testsuite hostname="SHUBHAM" failures="0" tests="1" name="crud_operation_OwnerController.Post_toLoginForOwner" time="1.824" errors="0" timestamp="2022-11-04T10:31:40 IST" skipped="0">
  <testcase classname="crud_operation_OwnerController.Post_toLoginForOwner" name="postMethod" time="1.824"/>
  <system-out/>
</testsuite> <!-- crud_operation_OwnerController.Post_toLoginForOwner -->
