<?xml version="1.0" encoding="UTF-8"?>
<!-- Generated by org.testng.reporters.JUnitReportReporter -->
<testsuite hostname="SHUBHAM" failures="0" tests="1" name="crud_operation_OwnerController.Get_toGet" time="1.518" errors="0" timestamp="2022-11-04T10:31:49 IST" skipped="0">
  <testcase classname="crud_operation_OwnerController.Get_toGet" name="getMethod" time="1.518"/>
  <system-out/>
</testsuite> <!-- crud_operation_OwnerController.Get_toGet -->
