<?xml version="1.0" encoding="UTF-8"?>
<!-- Generated by org.testng.reporters.JUnitReportReporter -->
<testsuite hostname="SHUBHAM" failures="0" tests="1" name="authentication.BasicAuth" time="2.710" errors="0" timestamp="2022-11-04T10:55:29 IST" skipped="0">
  <testcase classname="authentication.BasicAuth" name="basicAuth" time="2.710"/>
  <system-out/>
</testsuite> <!-- authentication.BasicAuth -->
