<?xml version="1.0" encoding="UTF-8"?>
<!-- Generated by org.testng.reporters.JUnitReportReporter -->
<testsuite hostname="SHUBHAM" failures="0" tests="1" name="crud_operation_TESTNG.Post_toSaveTheOwner" time="2.317" errors="0" timestamp="2022-11-02T14:52:08 IST" skipped="0">
  <testcase classname="crud_operation_TESTNG.Post_toSaveTheOwner" name="postMethod" time="2.317"/>
  <system-out/>
</testsuite> <!-- crud_operation_TESTNG.Post_toSaveTheOwner -->
