<?xml version="1.0" encoding="UTF-8"?>
<!-- Generated by org.testng.reporters.JUnitReportReporter -->
<testsuite hostname="SHUBHAM" failures="0" tests="1" name="authentication.BearerToken" time="4.050" errors="0" timestamp="2022-11-04T10:59:12 IST" skipped="0">
  <testcase classname="authentication.BearerToken" name="bearerToken" time="4.050"/>
  <system-out/>
</testsuite> <!-- authentication.BearerToken -->
