<?xml version="1.0" encoding="UTF-8"?>
<!-- Generated by org.testng.reporters.JUnitReportReporter -->
<testsuite hostname="SHUBHAM" failures="0" tests="1" name="authentication.BasicAuthSprint2" time="2.717" errors="0" timestamp="2022-11-04T10:58:26 IST" skipped="0">
  <testcase classname="authentication.BasicAuthSprint2" name="basicAuthSprint2" time="2.717"/>
  <system-out/>
</testsuite> <!-- authentication.BasicAuthSprint2 -->
